2020-01-20 15:36:00,099 INFO o.a.j.u.JMeterUtils: Setting Locale to zh_CN
2020-01-20 15:36:00,122 INFO o.a.j.JMeter: Loading user properties from: D:\apache-jmeter-4.0\bin\user.properties
2020-01-20 15:36:00,123 INFO o.a.j.JMeter: Loading system properties from: D:\apache-jmeter-4.0\bin\system.properties
2020-01-20 15:36:00,131 INFO o.a.j.JMeter: Copyright (c) 1998-2018 The Apache Software Foundation
2020-01-20 15:36:00,131 INFO o.a.j.JMeter: Version 4.0 r1823414
2020-01-20 15:36:00,131 INFO o.a.j.JMeter: java.version=1.8.0_181
2020-01-20 15:36:00,131 INFO o.a.j.JMeter: java.vm.name=Java HotSpot(TM) 64-Bit Server VM
2020-01-20 15:36:00,131 INFO o.a.j.JMeter: os.name=Windows 10
2020-01-20 15:36:00,131 INFO o.a.j.JMeter: os.arch=amd64
2020-01-20 15:36:00,131 INFO o.a.j.JMeter: os.version=10.0
2020-01-20 15:36:00,131 INFO o.a.j.JMeter: file.encoding=GBK
2020-01-20 15:36:00,131 INFO o.a.j.JMeter: Max memory     =4294967296
2020-01-20 15:36:00,132 INFO o.a.j.JMeter: Available Processors =4
2020-01-20 15:36:00,139 INFO o.a.j.JMeter: Default Locale=English (EN)
2020-01-20 15:36:00,139 INFO o.a.j.JMeter: JMeter  Locale=Chinese (China)
2020-01-20 15:36:00,139 INFO o.a.j.JMeter: JMeterHome=D:\apache-jmeter-4.0
2020-01-20 15:36:00,139 INFO o.a.j.JMeter: user.dir  =C:\Users\Topscore\PycharmProjects\JmeterBasedPlatform
2020-01-20 15:36:00,139 INFO o.a.j.JMeter: PWD       =C:\Users\Topscore\PycharmProjects\JmeterBasedPlatform
2020-01-20 15:36:00,145 INFO o.a.j.JMeter: IP: 192.168.68.62 Name: DESKTOP-LLBCG60 FullName: DESKTOP-LLBCG60
2020-01-20 15:36:00,147 INFO o.a.j.JMeter: Setting property 'jmeter.reportgenerator.outputdir' to:'C:\Users\Topscore\PycharmProjects\JmeterBasedPlatform\media\reportfiles\2020\01\20\Jmeter-Python5_20200120153558'
2020-01-20 15:36:00,150 INFO o.a.j.s.FileServer: Default base='C:\Users\Topscore\PycharmProjects\JmeterBasedPlatform'
2020-01-20 15:36:00,158 INFO o.a.j.s.FileServer: Set new base='C:\Users\Topscore\PycharmProjects\JmeterBasedPlatform\media\unzipfiles\2020\01\20\testzip3'
2020-01-20 15:36:00,409 INFO o.a.j.s.SaveService: Testplan (JMX) version: 2.2. Testlog (JTL) version: 2.2
2020-01-20 15:36:00,426 INFO o.a.j.s.SaveService: Using SaveService properties file encoding UTF-8
2020-01-20 15:36:00,431 INFO o.a.j.s.SaveService: Using SaveService properties version 4.0
2020-01-20 15:36:00,440 INFO o.a.j.s.SaveService: Loading file: C:\Users\Topscore\PycharmProjects\JmeterBasedPlatform\media\unzipfiles\2020\01\20\testzip3\Jmeter-Python5.jmx
2020-01-20 15:36:00,498 INFO o.a.j.p.h.s.HTTPSamplerBase: Parser for text/html is org.apache.jmeter.protocol.http.parser.LagartoBasedHtmlParser
2020-01-20 15:36:00,498 INFO o.a.j.p.h.s.HTTPSamplerBase: Parser for application/xhtml+xml is org.apache.jmeter.protocol.http.parser.LagartoBasedHtmlParser
2020-01-20 15:36:00,498 INFO o.a.j.p.h.s.HTTPSamplerBase: Parser for application/xml is org.apache.jmeter.protocol.http.parser.LagartoBasedHtmlParser
2020-01-20 15:36:00,498 INFO o.a.j.p.h.s.HTTPSamplerBase: Parser for text/xml is org.apache.jmeter.protocol.http.parser.LagartoBasedHtmlParser
2020-01-20 15:36:00,498 INFO o.a.j.p.h.s.HTTPSamplerBase: Parser for text/vnd.wap.wml is org.apache.jmeter.protocol.http.parser.RegexpHTMLParser
2020-01-20 15:36:00,498 INFO o.a.j.p.h.s.HTTPSamplerBase: Parser for text/css is org.apache.jmeter.protocol.http.parser.CssParser
2020-01-20 15:36:00,529 INFO o.a.j.JMeter: Creating summariser <summary>
2020-01-20 15:36:00,537 INFO o.a.j.r.d.ReportGenerator: ReportGenerator will use for Parsing the separator: ','
2020-01-20 15:36:00,537 INFO o.a.j.r.d.ReportGenerator: Will generate report at end of test from  results file: C:\Users\Topscore\PycharmProjects\JmeterBasedPlatform\media\reportfiles\2020\01\20\Jmeter-Python5_20200120153558_result.jtl
2020-01-20 15:36:00,537 INFO o.a.j.r.d.ReportGenerator: Reading report generator properties from: D:\apache-jmeter-4.0\bin\reportgenerator.properties
2020-01-20 15:36:00,538 INFO o.a.j.r.d.ReportGenerator: Merging with JMeter properties
2020-01-20 15:36:00,546 INFO o.a.j.r.c.ReportGeneratorConfiguration: Property 'jmeter.reportgenerator.temp_dir' not found, using default value 'temp' instead.
2020-01-20 15:36:00,550 INFO o.a.j.r.c.ReportGeneratorConfiguration: Property 'jmeter.reportgenerator.apdex_per_transaction' not found, using default value 'null' instead.
2020-01-20 15:36:00,550 INFO o.a.j.r.c.ReportGeneratorConfiguration: apdex_per_transaction : {} is empty, not APDEX per transaction customization
2020-01-20 15:36:00,550 INFO o.a.j.r.c.ReportGeneratorConfiguration: Property 'jmeter.reportgenerator.sample_filter' not found, using default value 'null' instead.
2020-01-20 15:36:00,551 INFO o.a.j.r.c.ReportGeneratorConfiguration: Property 'jmeter.reportgenerator.report_title' not found, using default value 'null' instead.
2020-01-20 15:36:00,551 INFO o.a.j.r.c.ReportGeneratorConfiguration: Property 'jmeter.reportgenerator.start_date' not found, using default value 'null' instead.
2020-01-20 15:36:00,551 INFO o.a.j.r.c.ReportGeneratorConfiguration: Property 'jmeter.reportgenerator.end_date' not found, using default value 'null' instead.
2020-01-20 15:36:00,551 INFO o.a.j.r.c.ReportGeneratorConfiguration: Property 'jmeter.reportgenerator.date_format' not found, using default value 'null' instead.
2020-01-20 15:36:00,551 INFO o.a.j.r.c.ReportGeneratorConfiguration: Will use date range start date: null, end date: null
2020-01-20 15:36:00,559 INFO o.a.j.r.c.ReportGeneratorConfiguration: Property 'jmeter.reportgenerator.graph.activeThreadsOverTime.exclude_controllers' not found, using default value 'false' instead.
2020-01-20 15:36:00,559 INFO o.a.j.r.c.ReportGeneratorConfiguration: Property 'jmeter.reportgenerator.graph.timeVsThreads.exclude_controllers' not found, using default value 'false' instead.
2020-01-20 15:36:00,559 INFO o.a.j.r.c.ReportGeneratorConfiguration: Property 'jmeter.reportgenerator.graph.responseTimeDistribution.exclude_controllers' not found, using default value 'false' instead.
2020-01-20 15:36:00,559 INFO o.a.j.r.c.ReportGeneratorConfiguration: Property 'jmeter.reportgenerator.graph.transactionsPerSecond.exclude_controllers' not found, using default value 'false' instead.
2020-01-20 15:36:00,559 INFO o.a.j.r.c.ReportGeneratorConfiguration: Property 'jmeter.reportgenerator.graph.responseTimePercentiles.exclude_controllers' not found, using default value 'false' instead.
2020-01-20 15:36:00,560 INFO o.a.j.r.c.ReportGeneratorConfiguration: Property 'jmeter.reportgenerator.graph.responseTimePercentilesOverTime.exclude_controllers' not found, using default value 'false' instead.
2020-01-20 15:36:00,560 INFO o.a.j.r.c.ReportGeneratorConfiguration: Property 'jmeter.reportgenerator.graph.responseTimesOverTime.exclude_controllers' not found, using default value 'false' instead.
2020-01-20 15:36:00,560 INFO o.a.j.r.c.ReportGeneratorConfiguration: Property 'jmeter.reportgenerator.graph.connectTimeOverTime.exclude_controllers' not found, using default value 'false' instead.
2020-01-20 15:36:00,560 INFO o.a.j.r.c.ReportGeneratorConfiguration: Property 'jmeter.reportgenerator.graph.latenciesOverTime.exclude_controllers' not found, using default value 'false' instead.
2020-01-20 15:36:00,562 INFO o.a.j.r.c.ReportGeneratorConfiguration: Property 'jmeter.reportgenerator.exporter.html.filters_only_sample_series' not found, using default value 'true' instead.
2020-01-20 15:36:00,562 INFO o.a.j.r.c.ReportGeneratorConfiguration: Property 'jmeter.reportgenerator.exporter.html.series_filter' not found, using default value '' instead.
2020-01-20 15:36:00,562 INFO o.a.j.r.c.ReportGeneratorConfiguration: Property 'jmeter.reportgenerator.exporter.html.show_controllers_only' not found, using default value 'false' instead.
2020-01-20 15:36:00,567 INFO o.a.j.e.StandardJMeterEngine: Running the test!
2020-01-20 15:36:00,568 INFO o.a.j.s.SampleEvent: List of sample_variables: []
2020-01-20 15:36:00,568 INFO o.a.j.s.SampleEvent: List of sample_variables: []
2020-01-20 15:36:00,572 INFO o.a.j.e.u.CompoundVariable: Note: Function class names must contain the string: '.functions.'
2020-01-20 15:36:00,579 INFO o.a.j.e.u.CompoundVariable: Note: Function class names must not contain the string: '.gui.'
2020-01-20 15:36:01,298 INFO o.a.j.JMeter: 正在运行的测试 (1579505761298)
2020-01-20 15:36:01,364 INFO o.a.j.e.StandardJMeterEngine: Starting ThreadGroup: 1 : 线程组
2020-01-20 15:36:01,364 INFO o.a.j.e.StandardJMeterEngine: Starting 1 threads for group 线程组.
2020-01-20 15:36:01,364 INFO o.a.j.e.StandardJMeterEngine: Thread will continue on error
2020-01-20 15:36:01,365 INFO o.a.j.t.ThreadGroup: Starting thread group... number=1 threads=1 ramp-up=1 perThread=1000.0 delayedStart=false
2020-01-20 15:36:01,371 INFO o.a.j.t.ThreadGroup: Started thread group number 1
2020-01-20 15:36:01,371 INFO o.a.j.e.StandardJMeterEngine: All thread groups have been started
2020-01-20 15:36:01,379 INFO o.a.j.t.JMeterThread: Thread started: 线程组 1-1
2020-01-20 15:36:01,415 INFO o.a.j.p.h.s.HTTPHCAbstractImpl: Local host = DESKTOP-LLBCG60
2020-01-20 15:36:01,424 INFO o.a.j.p.h.s.HTTPHC4Impl: HTTP request retry count = 0
2020-01-20 15:36:01,438 INFO o.a.j.s.SampleResult: Note: Sample TimeStamps are START times
2020-01-20 15:36:01,438 INFO o.a.j.s.SampleResult: sampleresult.default.encoding is set to ISO-8859-1
2020-01-20 15:36:01,438 INFO o.a.j.s.SampleResult: sampleresult.useNanoTime=true
2020-01-20 15:36:01,439 INFO o.a.j.s.SampleResult: sampleresult.nanoThreadSleep=5000
2020-01-20 15:36:01,535 INFO o.a.j.p.h.s.LazySchemeSocketFactory: Setting up HTTPS TrustAll Socket Factory
2020-01-20 15:36:01,550 INFO o.a.j.u.JsseSSLManager: Using default SSL protocol: TLS
2020-01-20 15:36:01,550 INFO o.a.j.u.JsseSSLManager: SSL session context: per-thread
2020-01-20 15:36:02,951 INFO o.a.j.u.SSLManager: JmeterKeyStore Location:  type JKS
2020-01-20 15:36:02,953 INFO o.a.j.u.SSLManager: KeyStore created OK
2020-01-20 15:36:02,953 WARN o.a.j.u.SSLManager: Keystore file not found, loading empty keystore
2020-01-20 15:36:03,223 INFO o.a.j.r.Summariser: summary +      1 in 00:00:02 =    0.5/s Avg:  1747 Min:  1747 Max:  1747 Err:     0 (0.00%) Active: 1 Started: 1 Finished: 0
2020-01-20 15:36:03,223 INFO o.a.j.t.JMeterThread: Thread is done: 线程组 1-1
2020-01-20 15:36:03,223 INFO o.a.j.t.JMeterThread: Thread finished: 线程组 1-1
2020-01-20 15:36:03,224 INFO o.a.j.e.StandardJMeterEngine: Notifying test listeners of end of test
2020-01-20 15:36:03,234 INFO o.a.j.r.Summariser: summary =      1 in 00:00:02 =    0.5/s Avg:  1747 Min:  1747 Max:  1747 Err:     0 (0.00%)
2020-01-20 15:36:03,236 INFO o.a.j.JMeter: Generating Dashboard
2020-01-20 15:36:03,236 INFO o.a.j.r.d.ReportGenerator: Flushing result collector before report Generation
2020-01-20 15:36:03,250 INFO o.a.j.r.p.NormalizerSampleConsumer: Using format, 'ms', to parse timeStamp field
2020-01-20 15:36:03,333 INFO o.a.j.r.p.AbstractSampleConsumer: class org.apache.jmeter.report.processor.AggregateConsumer#stopProducing(): beginDate produced 0 samples
2020-01-20 15:36:03,333 INFO o.a.j.r.p.AbstractSampleConsumer: class org.apache.jmeter.report.processor.AggregateConsumer#stopProducing(): endDate produced 0 samples
2020-01-20 15:36:03,335 INFO o.a.j.r.p.AbstractSampleConsumer: class org.apache.jmeter.report.processor.ApdexSummaryConsumer#stopProducing(): apdexSummary produced 0 samples
2020-01-20 15:36:03,335 INFO o.a.j.r.p.AbstractSampleConsumer: class org.apache.jmeter.report.processor.RequestsSummaryConsumer#stopProducing(): requestsSummary produced 0 samples
2020-01-20 15:36:03,339 INFO o.a.j.r.p.AbstractSampleConsumer: class org.apache.jmeter.report.processor.StatisticsSummaryConsumer#stopProducing(): statisticsSummary produced 0 samples
2020-01-20 15:36:03,345 INFO o.a.j.r.p.AbstractSampleConsumer: class org.apache.jmeter.report.processor.Top5ErrorsBySamplerConsumer#stopProducing(): top5ErrorsBySampler produced 0 samples
2020-01-20 15:36:03,345 INFO o.a.j.r.p.AbstractSampleConsumer: class org.apache.jmeter.report.processor.ErrorsSummaryConsumer#stopProducing(): errorsSummary produced 0 samples
2020-01-20 15:36:03,345 INFO o.a.j.r.p.AbstractSampleConsumer: class org.apache.jmeter.report.processor.graph.impl.HitsPerSecondGraphConsumer#stopProducing(): hitsPerSecond produced 0 samples
2020-01-20 15:36:03,360 INFO o.a.j.r.p.AbstractSampleConsumer: class org.apache.jmeter.report.processor.graph.impl.LatencyVSRequestGraphConsumer#stopProducing(): latencyVsRequest produced 0 samples
2020-01-20 15:36:03,361 INFO o.a.j.r.p.AbstractSampleConsumer: class org.apache.jmeter.report.processor.graph.impl.SyntheticResponseTimeDistributionGraphConsumer#stopProducing(): syntheticResponseTimeDistribution produced 0 samples
2020-01-20 15:36:03,362 INFO o.a.j.r.p.AbstractSampleConsumer: class org.apache.jmeter.report.processor.graph.impl.BytesThroughputGraphConsumer#stopProducing(): bytesThroughputOverTime produced 0 samples
2020-01-20 15:36:03,362 INFO o.a.j.r.p.AbstractSampleConsumer: class org.apache.jmeter.report.processor.graph.impl.CodesPerSecondGraphConsumer#stopProducing(): codesPerSecond produced 0 samples
2020-01-20 15:36:03,368 INFO o.a.j.r.p.AbstractSampleConsumer: class org.apache.jmeter.report.processor.graph.impl.ResponseTimeVSRequestGraphConsumer#stopProducing(): responseTimeVsRequest produced 0 samples
2020-01-20 15:36:03,369 INFO o.a.j.r.p.AbstractSampleConsumer: class org.apache.jmeter.report.processor.FilterConsumer#stopProducing(): startIntervalControlerFilter produced 7 samples
2020-01-20 15:36:03,369 INFO o.a.j.r.p.AbstractSampleConsumer: class org.apache.jmeter.report.processor.graph.impl.ActiveThreadsGraphConsumer#stopProducing(): activeThreadsOverTime produced 0 samples
2020-01-20 15:36:03,369 INFO o.a.j.r.p.AbstractSampleConsumer: class org.apache.jmeter.report.processor.graph.impl.TimeVSThreadGraphConsumer#stopProducing(): timeVsThreads produced 0 samples
2020-01-20 15:36:03,369 INFO o.a.j.r.p.AbstractSampleConsumer: class org.apache.jmeter.report.processor.graph.impl.ResponseTimeDistributionGraphConsumer#stopProducing(): responseTimeDistribution produced 0 samples
2020-01-20 15:36:03,369 INFO o.a.j.r.p.AbstractSampleConsumer: class org.apache.jmeter.report.processor.graph.impl.TransactionsPerSecondGraphConsumer#stopProducing(): transactionsPerSecond produced 0 samples
2020-01-20 15:36:03,369 INFO o.a.j.r.p.AbstractSampleConsumer: class org.apache.jmeter.report.processor.graph.impl.ResponseTimePercentilesGraphConsumer#stopProducing(): responseTimePercentiles produced 0 samples
2020-01-20 15:36:03,370 INFO o.a.j.r.p.AbstractSampleConsumer: class org.apache.jmeter.report.processor.graph.impl.ResponseTimePercentilesOverTimeGraphConsumer#stopProducing(): responseTimePercentilesOverTime produced 0 samples
2020-01-20 15:36:03,370 INFO o.a.j.r.p.AbstractSampleConsumer: class org.apache.jmeter.report.processor.graph.impl.ResponseTimeOverTimeGraphConsumer#stopProducing(): responseTimesOverTime produced 0 samples
2020-01-20 15:36:03,370 INFO o.a.j.r.p.AbstractSampleConsumer: class org.apache.jmeter.report.processor.graph.impl.ConnectTimeOverTimeGraphConsumer#stopProducing(): connectTimeOverTime produced 0 samples
2020-01-20 15:36:03,371 INFO o.a.j.r.p.AbstractSampleConsumer: class org.apache.jmeter.report.processor.graph.impl.LatencyOverTimeGraphConsumer#stopProducing(): latenciesOverTime produced 0 samples
2020-01-20 15:36:03,371 INFO o.a.j.r.p.AbstractSampleConsumer: class org.apache.jmeter.report.processor.FilterConsumer#stopProducing(): nameFilter produced 14 samples
2020-01-20 15:36:03,371 INFO o.a.j.r.p.AbstractSampleConsumer: class org.apache.jmeter.report.processor.FilterConsumer#stopProducing(): dateRangeFilter produced 3 samples
2020-01-20 15:36:03,371 INFO o.a.j.r.p.AbstractSampleConsumer: class org.apache.jmeter.report.processor.NormalizerSampleConsumer#stopProducing(): normalizer produced 1 samples
2020-01-20 15:36:03,371 INFO o.a.j.r.p.CsvFileSampleSource: produce(): 1 samples produced in 86ms on channel 0
2020-01-20 15:36:03,371 INFO o.a.j.r.d.ReportGenerator: Exporting data using exporter:'html' of className:'org.apache.jmeter.report.dashboard.HtmlTemplateExporter'
2020-01-20 15:36:03,375 INFO o.a.j.r.d.HtmlTemplateExporter: Will generate dashboard in folder: C:\Users\Topscore\PycharmProjects\JmeterBasedPlatform\media\reportfiles\2020\01\20\Jmeter-Python5_20200120153558
2020-01-20 15:36:03,523 INFO o.a.j.r.d.HtmlTemplateExporter: Report will be generated in: C:\Users\Topscore\PycharmProjects\JmeterBasedPlatform\media\reportfiles\2020\01\20\Jmeter-Python5_20200120153558, creating folder structure
2020-01-20 15:36:05,287 INFO o.a.j.JMeter: Dashboard generated
